<?xml version="1.0" encoding="UTF-8"?>
<!-- Generated by org.testng.reporters.JUnitReportReporter -->
<testsuite hostname="sreedevi" failures="0" tests="3" name="TestScript.TestSample" time="21.988" errors="0" timestamp="2024-12-04T17:21:57 IST" skipped="0">
  <testcase classname="TestScript.TestSample" name="show" time="5.241"/>
  <system-out/>
  <testcase classname="TestScript.TestSample" name="display" time="4.259"/>
  <system-out/>
  <testcase classname="TestScript.TestSample" name="print" time="12.488"/>
  <system-out/>
</testsuite> <!-- TestScript.TestSample -->
