<?xml version="1.0" encoding="UTF-8"?>
<!-- Generated by org.testng.reporters.JUnitReportReporter -->
<testsuite hostname="sreedevi" failures="0" tests="2" name="TestScript.FileUpload" time="24.821" errors="0" timestamp="2024-12-05T11:44:32 IST" skipped="0">
  <testcase classname="TestScript.FileUpload" name="fileUploadUsingRobotClass" time="10.419"/>
  <system-out/>
  <testcase classname="TestScript.FileUpload" name="fileUploadUsingSendKeys" time="14.402"/>
  <system-out/>
</testsuite> <!-- TestScript.FileUpload -->
