<?xml version="1.0" encoding="UTF-8"?>
<!-- Generated by org.testng.reporters.JUnitReportReporter -->
<testsuite hostname="sreedevi" failures="0" tests="1" name="TestScript.JavaScriptExecutor" time="18.503" errors="0" timestamp="2024-12-18T21:13:14 IST" skipped="0">
  <testcase classname="TestScript.JavaScriptExecutor" name="javaScriptScroll" time="18.503"/>
  <system-out/>
</testsuite> <!-- TestScript.JavaScriptExecutor -->
