<?xml version="1.0" encoding="UTF-8"?>
<!-- Generated by org.testng.reporters.JUnitReportReporter -->
<testsuite hostname="sreedevi" failures="0" tests="1" name="TestScript.Assertion" time="8.174" errors="0" timestamp="2024-12-18T20:57:46 IST" skipped="0">
  <testcase classname="TestScript.Assertion" name="assertFalse" time="8.174"/>
  <system-out/>
</testsuite> <!-- TestScript.Assertion -->
