<?xml version="1.0" encoding="UTF-8"?>
<!-- Generated by org.testng.reporters.JUnitReportReporter -->
<testsuite hostname="sreedevi" failures="0" tests="1" name="TestScript.Practice" time="6.347" errors="0" timestamp="2024-12-06T21:34:42 IST" skipped="0">
  <testcase classname="TestScript.Practice" name="alert2" time="6.347"/>
  <system-out/>
</testsuite> <!-- TestScript.Practice -->
